c:\users\potato\source\repos\airhockey\debughost\vc142.pdb
c:\users\potato\source\repos\airhockey\debughost\shapes.obj
c:\users\potato\source\repos\airhockey\debughost\shapedrawing.obj
c:\users\potato\source\repos\airhockey\debughost\ran.obj
c:\users\potato\source\repos\airhockey\debughost\puck.obj
c:\users\potato\source\repos\airhockey\debughost\physicshelper.obj
c:\users\potato\source\repos\airhockey\debughost\paddle.obj
c:\users\potato\source\repos\airhockey\debughost\menu.obj
c:\users\potato\source\repos\airhockey\debughost\goal.obj
c:\users\potato\source\repos\airhockey\debughost\gameobject.obj
c:\users\potato\source\repos\airhockey\debughost\gamenetworking.obj
c:\users\potato\source\repos\airhockey\debughost\config.obj
c:\users\potato\source\repos\airhockey\debughost\charfunctions.obj
c:\users\potato\source\repos\airhockey\debughost\camera.obj
c:\users\potato\source\repos\airhockey\debughost\button.obj
c:\users\potato\source\repos\airhockey\debughost\binaryio.obj
c:\users\potato\source\repos\airhockey\debughost\audio.obj
c:\users\potato\source\repos\airhockey\debughost\airhockey.obj
c:\users\potato\source\repos\airhockey\debughost\udp_com6.obj
c:\users\potato\source\repos\airhockey\debughost\udp_com.obj
c:\users\potato\source\repos\airhockey\debughost\timer.obj
c:\users\potato\source\repos\airhockey\debughost\ui_text.obj
c:\users\potato\source\repos\airhockey\debughost\ui.obj
c:\users\potato\source\repos\airhockey\debughost\table.obj
c:\users\potato\source\repos\airhockey\debughost\airhockey-host.ilk
c:\users\potato\source\repos\airhockey\debughost\airhockey-host.exe
c:\users\potato\source\repos\airhockey\debughost\airhockey-host.pdb
c:\users\potato\source\repos\airhockey\debughost\airhockey.tlog\cl.command.1.tlog
c:\users\potato\source\repos\airhockey\debughost\airhockey.tlog\cl.read.1.tlog
c:\users\potato\source\repos\airhockey\debughost\airhockey.tlog\cl.write.1.tlog
c:\users\potato\source\repos\airhockey\debughost\airhockey.tlog\link.command.1.tlog
c:\users\potato\source\repos\airhockey\debughost\airhockey.tlog\link.read.1.tlog
c:\users\potato\source\repos\airhockey\debughost\airhockey.tlog\link.write.1.tlog
